2026-01-23T08:26:25.992913Z 0 [System] [MY-013172] [Server] Received SHUTDOWN from user <via user signal>. Shutting down mysqld (Version: 8.0.45).
2026-01-23T08:26:34.768242Z 0 [Warning] [MY-011068] [Server] The syntax '--skip-host-cache' is deprecated and will be removed in a future release. Please use SET GLOBAL host_cache_size=0 instead.
2026-01-23T08:26:34.770199Z 0 [Warning] [MY-010918] [Server] 'default_authentication_plugin' is deprecated and will be removed in a future release. Please use authentication_policy instead.
2026-01-23T08:26:34.770218Z 0 [System] [MY-010116] [Server] /usr/sbin/mysqld (mysqld 8.0.45) starting as process 1
2026-01-23T08:26:34.799175Z 1 [System] [MY-013576] [InnoDB] InnoDB initialization has started.
2026-01-23T08:26:34.971510Z 1 [System] [MY-013577] [InnoDB] InnoDB initialization has ended.
2026-01-23T08:26:35.166042Z 0 [Warning] [MY-010068] [Server] CA certificate ca.pem is self signed.
2026-01-23T08:26:35.166524Z 0 [System] [MY-013602] [Server] Channel mysql_main configured to support TLS. Encrypted connections are now supported for this channel.
2026-01-23T08:26:35.169070Z 0 [Warning] [MY-011810] [Server] Insecure configuration for --pid-file: Location '/var/run/mysqld' in the path is accessible to all OS users. Consider choosing a different directory.
2026-01-23T08:26:35.185571Z 0 [System] [MY-011323] [Server] X Plugin ready for connections. Bind-address: '::' port: 33060, socket: /var/run/mysqld/mysqlx.sock
2026-01-23T08:26:35.185698Z 0 [System] [MY-010931] [Server] /usr/sbin/mysqld: ready for connections. Version: '8.0.45'  socket: '/var/run/mysqld/mysqld.sock'  port: 3306  MySQL Community Server - GPL.
2026-01-23T08:26:44.287220Z 8 [Warning] [MY-013360] [Server] Plugin mysql_native_password reported: ''mysql_native_password' is deprecated and will be removed in a future release. Please use caching_sha2_password instead'
2026-01-23T09:53:54.757493Z 0 [Warning] [MY-011068] [Server] The syntax '--skip-host-cache' is deprecated and will be removed in a future release. Please use SET GLOBAL host_cache_size=0 instead.
2026-01-23T09:53:54.760311Z 0 [Warning] [MY-010918] [Server] 'default_authentication_plugin' is deprecated and will be removed in a future release. Please use authentication_policy instead.
2026-01-23T09:53:54.760937Z 0 [System] [MY-010116] [Server] /usr/sbin/mysqld (mysqld 8.0.45) starting as process 1
2026-01-23T09:53:54.812028Z 1 [System] [MY-013576] [InnoDB] InnoDB initialization has started.
2026-01-23T09:53:55.227787Z 1 [System] [MY-013577] [InnoDB] InnoDB initialization has ended.
2026-01-23T09:53:55.440366Z 0 [System] [MY-010229] [Server] Starting XA crash recovery...
2026-01-23T09:53:55.466073Z 0 [System] [MY-010232] [Server] XA crash recovery finished.
2026-01-23T09:53:55.568584Z 0 [Warning] [MY-010068] [Server] CA certificate ca.pem is self signed.
2026-01-23T09:53:55.571990Z 0 [System] [MY-013602] [Server] Channel mysql_main configured to support TLS. Encrypted connections are now supported for this channel.
2026-01-23T09:53:55.578644Z 0 [Warning] [MY-011810] [Server] Insecure configuration for --pid-file: Location '/var/run/mysqld' in the path is accessible to all OS users. Consider choosing a different directory.
2026-01-23T09:53:55.613841Z 0 [System] [MY-011323] [Server] X Plugin ready for connections. Bind-address: '::' port: 33060, socket: /var/run/mysqld/mysqlx.sock
2026-01-23T09:53:55.614013Z 0 [System] [MY-010931] [Server] /usr/sbin/mysqld: ready for connections. Version: '8.0.45'  socket: '/var/run/mysqld/mysqld.sock'  port: 3306  MySQL Community Server - GPL.
2026-01-23T09:54:04.110329Z 8 [Warning] [MY-013360] [Server] Plugin mysql_native_password reported: ''mysql_native_password' is deprecated and will be removed in a future release. Please use caching_sha2_password instead'
